[debug] [2025-08-17T03:36:26.840Z] ----------------------------------------------------------------------
[debug] [2025-08-17T03:36:26.845Z] Command:       C:\Program Files\nodejs\node.exe C:\Users\marka\AppData\Roaming\npm\node_modules\firebase-tools\lib\bin\firebase.js init hosting
[debug] [2025-08-17T03:36:26.845Z] CLI Version:   14.12.1
[debug] [2025-08-17T03:36:26.846Z] Platform:      win32
[debug] [2025-08-17T03:36:26.846Z] Node Version:  v22.17.1
[debug] [2025-08-17T03:36:26.846Z] Time:          Sun Aug 17 2025 11:36:26 GMT+0800 (Philippine Standard Time)
[debug] [2025-08-17T03:36:26.846Z] ----------------------------------------------------------------------
[debug] 
[debug] [2025-08-17T03:36:26.851Z] >>> [apiv2][query] GET https://firebase-public.firebaseio.com/cli.json [none]
[debug] [2025-08-17T03:36:27.287Z] > command requires scopes: ["email","openid","https://www.googleapis.com/auth/cloudplatformprojects.readonly","https://www.googleapis.com/auth/firebase","https://www.googleapis.com/auth/cloud-platform"]
[debug] [2025-08-17T03:36:27.288Z] > authorizing via signed-in user (kristoffpura0807@gmail.com)
[info] 
     ######## #### ########  ######## ########     ###     ######  ########
     ##        ##  ##     ## ##       ##     ##  ##   ##  ##       ##
     ######    ##  ########  ######   ########  #########  ######  ######
     ##        ##  ##    ##  ##       ##     ## ##     ##       ## ##
     ##       #### ##     ## ######## ########  ##     ##  ######  ########

You're about to initialize a Firebase project in this directory:

  C:\Users\marka

Before we get started, keep in mind:

  * You are initializing within an existing Firebase project directory

[debug] [2025-08-17T03:36:27.986Z] <<< [apiv2][status] GET https://firebase-public.firebaseio.com/cli.json 200
[debug] [2025-08-17T03:36:27.987Z] <<< [apiv2][body] GET https://firebase-public.firebaseio.com/cli.json {"cloudBuildErrorAfter":1594252800000,"cloudBuildWarnAfter":1590019200000,"defaultNode10After":1594252800000,"minVersion":"3.0.5","node8DeploysDisabledAfter":1613390400000,"node8RuntimeDisabledAfter":1615809600000,"node8WarnAfter":1600128000000}
[info] 
=== Project Setup
[info] 
[info] First, let's associate this project directory with a Firebase project.
[info] You can create multiple project aliases by running firebase use --add, 
[info] but for now we'll just set up a default project.
[info] 
[debug] [2025-08-17T03:36:46.504Z] Using project from CLI flag: bea-b9438
[debug] [2025-08-17T03:36:46.506Z] Checked if tokens are valid: false, expires at: 1753538253625
[debug] [2025-08-17T03:36:46.506Z] Checked if tokens are valid: false, expires at: 1753538253625
[debug] [2025-08-17T03:36:46.506Z] > refreshing access token with scopes: []
[debug] [2025-08-17T03:36:46.508Z] >>> [apiv2][query] POST https://www.googleapis.com/oauth2/v3/token [none]
[debug] [2025-08-17T03:36:46.508Z] >>> [apiv2][body] POST https://www.googleapis.com/oauth2/v3/token [omitted]
[debug] [2025-08-17T03:36:47.087Z] <<< [apiv2][status] POST https://www.googleapis.com/oauth2/v3/token 200
[debug] [2025-08-17T03:36:47.087Z] <<< [apiv2][body] POST https://www.googleapis.com/oauth2/v3/token [omitted]
[debug] [2025-08-17T03:36:47.113Z] >>> [apiv2][query] GET https://firebase.googleapis.com/v1beta1/projects/bea-b9438 [none]
[debug] [2025-08-17T03:36:47.578Z] <<< [apiv2][status] GET https://firebase.googleapis.com/v1beta1/projects/bea-b9438 200
[debug] [2025-08-17T03:36:47.579Z] <<< [apiv2][body] GET https://firebase.googleapis.com/v1beta1/projects/bea-b9438 {"projectId":"bea-b9438","projectNumber":"989490223231","displayName":"Bea Bday","name":"projects/bea-b9438","resources":{"hostingSite":"bea-b9438"},"state":"ACTIVE","etag":"1_87f5bcff-270d-427b-8994-622542080b9c"}
[info] i  Using project bea-b9438 (Bea Bday) 
[info] 
=== Hosting Setup
[debug] [2025-08-17T03:36:48.033Z] Checked if tokens are valid: true, expires at: 1755405406087
[debug] [2025-08-17T03:36:48.034Z] Checked if tokens are valid: true, expires at: 1755405406087
[debug] [2025-08-17T03:36:48.034Z] >>> [apiv2][query] GET https://firebase.googleapis.com/v1beta1/projects/bea-b9438 [none]
[debug] [2025-08-17T03:36:48.667Z] <<< [apiv2][status] GET https://firebase.googleapis.com/v1beta1/projects/bea-b9438 200
[debug] [2025-08-17T03:36:48.667Z] <<< [apiv2][body] GET https://firebase.googleapis.com/v1beta1/projects/bea-b9438 {"projectId":"bea-b9438","projectNumber":"989490223231","displayName":"Bea Bday","name":"projects/bea-b9438","resources":{"hostingSite":"bea-b9438"},"state":"ACTIVE","etag":"1_87f5bcff-270d-427b-8994-622542080b9c"}
[info] 
[info] Your public directory is the folder (relative to your project directory) that
[info] will contain Hosting assets to be uploaded with firebase deploy. If you
[info] have a build process for your assets, use your build's output directory.
[info] 
[info] i  public/404.html is unchanged 
[debug] [2025-08-17T03:38:07.404Z] >>> [apiv2][query] GET https://www.gstatic.com/firebasejs/releases.json [none]
[debug] [2025-08-17T03:38:07.742Z] <<< [apiv2][status] GET https://www.gstatic.com/firebasejs/releases.json 200
[debug] [2025-08-17T03:38:07.743Z] <<< [apiv2][body] GET https://www.gstatic.com/firebasejs/releases.json {"current":{"version":"12.1.0","browserURL":"https://www.gstatic.com/firebasejs/12.1.0/firebase.js","packageURL":"https://www.gstatic.com/firebasejs/12.1.0/firebase.tgz"},"live":{"version":"12.1","browserURL":"https://www.gstatic.com/firebasejs/live/12.1/firebase.js","packageURL":"https://www.gstatic.com/firebasejs/live/12.1/firebase.tgz"},"components":{"ai":"https://www.gstatic.com/firebasejs/12.1.0/firebase-ai.js","analytics":"https://www.gstatic.com/firebasejs/12.1.0/firebase-analytics.js","app":"https://www.gstatic.com/firebasejs/12.1.0/firebase-app.js","app-check":"https://www.gstatic.com/firebasejs/12.1.0/firebase-app-check.js","auth":"https://www.gstatic.com/firebasejs/12.1.0/firebase-auth.js","auth/cordova":"https://www.gstatic.com/firebasejs/12.1.0/firebase-auth/cordova.js","auth/web-extension":"https://www.gstatic.com/firebasejs/12.1.0/firebase-auth/web-extension.js","functions":"https://www.gstatic.com/firebasejs/12.1.0/firebase-functions.js","firestore":"https://www.gstatic.com/firebasejs/12.1.0/firebase-firestore.js","firestore/lite":"https://www.gstatic.com/firebasejs/12.1.0/firebase-firestore/lite.js","installations":"https://www.gstatic.com/firebasejs/12.1.0/firebase-installations.js","storage":"https://www.gstatic.com/firebasejs/12.1.0/firebase-storage.js","performance":"https://www.gstatic.com/firebasejs/12.1.0/firebase-performance.js","remote-config":"https://www.gstatic.com/firebasejs/12.1.0/firebase-remote-config.js","messaging":"https://www.gstatic.com/firebasejs/12.1.0/firebase-messaging.js","messaging/sw":"https://www.gstatic.com/firebasejs/12.1.0/firebase-messaging/sw.js","database":"https://www.gstatic.com/firebasejs/12.1.0/firebase-database.js","data-connect":"https://www.gstatic.com/firebasejs/12.1.0/firebase-data-connect.js","firestore.memory":"https://www.gstatic.com/firebasejs/12.1.0/firebase-firestore.memory.js"}}
